<?xml version="1.0" encoding="UTF-8"?>
<testsuite name="com.exercises.training.dynamic_programming.FactorialTest" tests="1" skipped="0" failures="0" errors="0" timestamp="2022-11-12T22:46:39" hostname="kali" time="0.049">
  <properties/>
  <testcase name="test1()" classname="com.exercises.training.dynamic_programming.FactorialTest" time="0.049"/>
  <system-out><![CDATA[Calculando valor de fact(2)
Calculando valor de fact(3)
Calculando valor de fact(4)
Calculando valor de fact(5)
Calculando valor de fact(6)
Calculando valor de fact(7)
Calculando valor de fact(8)
Calculando valor de fact(9)
Calculando valor de fact(10)
Calculando valor de fact(11)
Calculando valor de fact(12)
Calculando valor de fact(13)
Calculando valor de fact(14)
Calculando valor de fact(15)
Calculando valor de fact(16)
Calculando valor de fact(17)
Calculando valor de fact(18)
Calculando valor de fact(19)
Calculando valor de fact(20)
Calculando valor de fact(21)
Calculando valor de fact(22)
Calculando valor de fact(23)
Calculando valor de fact(24)
Calculando valor de fact(25)
Calculando valor de fact(26)
Calculando valor de fact(27)
Calculando valor de fact(28)
Calculando valor de fact(29)
Calculando valor de fact(30)
]]></system-out>
  <system-err><![CDATA[fact(0) = 1
fact(1) = 1
fact(2) = 2
fact(3) = 6
fact(4) = 24
fact(5) = 120
fact(6) = 720
fact(7) = 5040
fact(8) = 40320
fact(9) = 362880
fact(10) = 3628800
fact(11) = 39916800
fact(12) = 479001600
fact(13) = 6227020800
fact(14) = 87178291200
fact(15) = 1307674368000
fact(16) = 20922789888000
fact(17) = 355687428096000
fact(18) = 6402373705728000
fact(19) = 121645100408832000
fact(20) = 2432902008176640000
fact(21) = 51090942171709440000
fact(22) = 1124000727777607680000
fact(23) = 25852016738884976640000
fact(24) = 620448401733239439360000
fact(25) = 15511210043330985984000000
fact(26) = 403291461126605635584000000
fact(27) = 10888869450418352160768000000
fact(28) = 304888344611713860501504000000
fact(29) = 8841761993739701954543616000000
fact(30) = 265252859812191058636308480000000
]]></system-err>
</testsuite>
